[debug] [2019-08-14T23:30:20.862Z] ----------------------------------------------------------------------
[debug] [2019-08-14T23:30:20.863Z] Command:       /usr/local/bin/node /usr/local/bin/firebase init
[debug] [2019-08-14T23:30:20.864Z] CLI Version:   7.2.2
[debug] [2019-08-14T23:30:20.864Z] Platform:      darwin
[debug] [2019-08-14T23:30:20.864Z] Node Version:  v10.9.0
[debug] [2019-08-14T23:30:20.864Z] Time:          Wed Aug 14 2019 19:30:20 GMT-0400 (Eastern Daylight Time)
[debug] [2019-08-14T23:30:20.864Z] ----------------------------------------------------------------------
[debug] 
[debug] [2019-08-14T23:30:20.872Z] > command requires scopes: ["email","openid","https://www.googleapis.com/auth/cloudplatformprojects.readonly","https://www.googleapis.com/auth/firebase","https://www.googleapis.com/auth/cloud-platform"]
[debug] [2019-08-14T23:30:20.873Z] > authorizing via signed-in user
[info] 
     ######## #### ########  ######## ########     ###     ######  ########
     ##        ##  ##     ## ##       ##     ##  ##   ##  ##       ##
     ######    ##  ########  ######   ########  #########  ######  ######
     ##        ##  ##    ##  ##       ##     ## ##     ##       ## ##
     ##       #### ##     ## ######## ########  ##     ##  ######  ########

You're about to initialize a Firebase project in this directory:

  /Users/mingzi/Documents/IMD/level4/webApplication/week-final

Before we get started, keep in mind:

  * You are initializing in an existing Firebase project directory

